<?xml version="1.0" encoding="UTF-8"?>
<!-- Generated by org.testng.reporters.JUnitReportReporter -->
<testsuite hostname="Nikolas-Mac.local" failures="0" tests="8" name="com.qa.tests.CartTests" time="32.835" errors="0" timestamp="2024-02-11T08:50:56 PST" skipped="0">
  <testcase classname="com.qa.tests.CartTests" name="swipingToFinishBtn" time="5.231"/>
  <testcase classname="com.qa.tests.CartTests" name="clickOnFinish" time="5.017"/>
  <testcase classname="com.qa.tests.CartTests" name="enterPostalCode" time="3.383"/>
  <testcase classname="com.qa.tests.CartTests" name="enterFirstName" time="4.395"/>
  <testcase classname="com.qa.tests.CartTests" name="clickCart" time="1.145"/>
  <testcase classname="com.qa.tests.CartTests" name="clickCheckOut" time="4.689"/>
  <testcase classname="com.qa.tests.CartTests" name="enterLastName" time="3.565"/>
  <testcase classname="com.qa.tests.CartTests" name="cont" time="5.410"/>
</testsuite> <!-- com.qa.tests.CartTests -->
