<?xml version="1.0" encoding="UTF-8"?>
<!-- Generated by org.testng.reporters.JUnitReportReporter -->
<testsuite hostname="Nikolas-Mac.local" failures="0" tests="3" name="com.qa.tests.LoginTests" time="52.754" errors="0" timestamp="2024-02-11T08:50:56 PST" skipped="0">
  <testcase classname="com.qa.tests.LoginTests" name="invalidUserName" time="22.044"/>
  <testcase classname="com.qa.tests.LoginTests" name="successfulLogin" time="13.399"/>
  <testcase classname="com.qa.tests.LoginTests" name="invalidPassword" time="17.311"/>
</testsuite> <!-- com.qa.tests.LoginTests -->
