<?xml version="1.0" encoding="UTF-8"?>
<!-- Generated by org.testng.reporters.JUnitReportReporter -->
<testsuite hostname="Nikolas-Mac.local" failures="0" tests="3" name="com.qa.tests.ProductsTests" time="14.885" errors="0" timestamp="2024-01-28T04:52:16 PST" skipped="0">
  <testcase classname="com.qa.tests.ProductsTests" name="addCart" time="3.351"/>
  <testcase classname="com.qa.tests.ProductsTests" name="pressBtn" time="4.257"/>
  <testcase classname="com.qa.tests.ProductsTests" name="swipe" time="7.277"/>
</testsuite> <!-- com.qa.tests.ProductsTests -->
