<?xml version="1.0" encoding="UTF-8"?>
<!-- Generated by org.testng.reporters.JUnitReportReporter -->
<testsuite hostname="Nikolas-Mac.local" failures="0" tests="3" name="com.qa.tests.ProductsTests" time="0.000" errors="0" timestamp="2024-02-11T09:33:16 PST" skipped="3">
  <testcase classname="com.qa.tests.ProductsTests" name="pressBtn" time="0.000">
    <skipped/>
  </testcase> <!-- pressBtn -->
  <testcase classname="com.qa.tests.ProductsTests" name="addCart" time="0.000">
    <skipped/>
  </testcase> <!-- addCart -->
  <testcase classname="com.qa.tests.ProductsTests" name="swipe" time="0.000">
    <skipped/>
  </testcase> <!-- swipe -->
</testsuite> <!-- com.qa.tests.ProductsTests -->
