<?xml version="1.0" encoding="UTF-8"?>
<!-- Generated by org.testng.reporters.JUnitReportReporter -->
<testsuite hostname="Nikolas-Mac.local" failures="0" tests="1" name="com.qa.tests.FaliureTests" time="12.660" errors="0" timestamp="2024-01-27T04:09:36 PST" skipped="0">
  <testcase classname="com.qa.tests.FaliureTests" name="testFaliure" time="12.660"/>
</testsuite> <!-- com.qa.tests.FaliureTests -->
