<?xml version="1.0" encoding="UTF-8"?>
<!-- Generated by org.testng.reporters.JUnitReportReporter -->
<testsuite hostname="Nikolas-Mac.local" failures="0" tests="8" name="com.qa.tests.CartTests" time="0.004" errors="0" timestamp="2024-02-11T09:33:16 PST" skipped="8">
  <testcase classname="com.qa.tests.CartTests" name="swipingToFinishBtn" time="0.000">
    <skipped/>
  </testcase> <!-- swipingToFinishBtn -->
  <testcase classname="com.qa.tests.CartTests" name="enterFirstName" time="0.001">
    <skipped/>
  </testcase> <!-- enterFirstName -->
  <testcase classname="com.qa.tests.CartTests" name="enterPostalCode" time="0.000">
    <skipped/>
  </testcase> <!-- enterPostalCode -->
  <testcase classname="com.qa.tests.CartTests" name="clickOnFinish" time="0.001">
    <skipped/>
  </testcase> <!-- clickOnFinish -->
  <testcase classname="com.qa.tests.CartTests" name="clickCheckOut" time="0.001">
    <skipped/>
  </testcase> <!-- clickCheckOut -->
  <testcase classname="com.qa.tests.CartTests" name="clickCart" time="0.000">
    <skipped/>
  </testcase> <!-- clickCart -->
  <testcase classname="com.qa.tests.CartTests" name="enterLastName" time="0.000">
    <skipped/>
  </testcase> <!-- enterLastName -->
  <testcase classname="com.qa.tests.CartTests" name="cont" time="0.001">
    <skipped/>
  </testcase> <!-- cont -->
</testsuite> <!-- com.qa.tests.CartTests -->
