<?xml version="1.0" encoding="UTF-8"?>
<!-- Generated by org.testng.reporters.JUnitReportReporter -->
<testsuite hostname="Nikolas-Mac.local" failures="0" tests="3" name="com.qa.tests.ProductsTests" time="12.356" errors="0" timestamp="2024-02-11T08:50:56 PST" skipped="0">
  <testcase classname="com.qa.tests.ProductsTests" name="pressBtn" time="3.619"/>
  <testcase classname="com.qa.tests.ProductsTests" name="swipe" time="5.741"/>
  <testcase classname="com.qa.tests.ProductsTests" name="addCart" time="2.996"/>
</testsuite> <!-- com.qa.tests.ProductsTests -->
