<?xml version="1.0" encoding="UTF-8"?>
<!-- Generated by org.testng.reporters.JUnitReportReporter -->
<testsuite hostname="Nikolas-Mac.local" failures="0" tests="3" name="com.qa.tests.LoginTests" time="61.580" errors="0" timestamp="2024-01-28T04:52:16 PST" skipped="0">
  <testcase classname="com.qa.tests.LoginTests" name="successfulLogin" time="16.189"/>
  <testcase classname="com.qa.tests.LoginTests" name="invalidUserName" time="25.289"/>
  <testcase classname="com.qa.tests.LoginTests" name="invalidPassword" time="20.102"/>
</testsuite> <!-- com.qa.tests.LoginTests -->
