<?xml version="1.0" encoding="UTF-8"?>
<!-- Generated by org.testng.reporters.JUnitReportReporter -->
<testsuite hostname="Nikolas-Mac.local" failures="0" tests="8" name="com.qa.tests.CartTests" time="43.112" errors="0" timestamp="2024-01-28T04:52:16 PST" skipped="0">
  <testcase classname="com.qa.tests.CartTests" name="enterPostalCode" time="5.390"/>
  <testcase classname="com.qa.tests.CartTests" name="enterFirstName" time="5.217"/>
  <testcase classname="com.qa.tests.CartTests" name="enterLastName" time="5.475"/>
  <testcase classname="com.qa.tests.CartTests" name="clickOnFinish" time="5.470"/>
  <testcase classname="com.qa.tests.CartTests" name="swipingToFinishBtn" time="5.630"/>
  <testcase classname="com.qa.tests.CartTests" name="clickCart" time="1.705"/>
  <testcase classname="com.qa.tests.CartTests" name="cont" time="8.348"/>
  <testcase classname="com.qa.tests.CartTests" name="clickCheckOut" time="5.877"/>
</testsuite> <!-- com.qa.tests.CartTests -->
